{
  "RSpec": {
    "coverage": {
      "/Users/rchampourlier/Dev/_personal/+agile_flow/agilizer/config/boot.rb": [
        null,
        1,
        1,
        null,
        1,
        1,
        1,
        1,
        1,
        null,
        null,
        1,
        null,
        1,
        1,
        1,
        1
      ],
      "/Users/rchampourlier/Dev/_personal/+agile_flow/agilizer/config/mongo.rb": [
        1,
        null,
        1,
        1,
        null,
        1,
        1
      ],
      "/Users/rchampourlier/Dev/_personal/+agile_flow/agilizer/lib/agilizer/issue.rb": [
        1,
        null,
        1,
        null,
        null,
        null,
        null,
        null,
        null,
        null,
        null,
        null,
        1,
        1,
        null,
        1,
        null,
        null,
        1,
        1,
        1,
        1,
        null,
        null,
        1,
        1,
        1,
        1,
        1,
        null,
        null,
        1,
        1,
        1,
        null,
        null,
        1,
        1,
        1,
        1,
        1,
        1,
        1,
        1,
        1,
        null,
        null,
        1,
        1,
        1,
        null,
        null
      ],
      "/Users/rchampourlier/Dev/_personal/+agile_flow/agilizer/lib/agilizer/interface/jira/notifier.rb": [
        1,
        1,
        null,
        1,
        1,
        1,
        null,
        null,
        null,
        null,
        null,
        1,
        null,
        1,
        3,
        null,
        null,
        1,
        3,
        null,
        null,
        1,
        null,
        1,
        2,
        2,
        2,
        2,
        2,
        2,
        0,
        0,
        0,
        null,
        null,
        null,
        1,
        null,
        2,
        2,
        2,
        2,
        null,
        null,
        null,
        null,
        null
      ],
      "/Users/rchampourlier/Dev/_personal/+agile_flow/agilizer/lib/agilizer/interface/jira/transformation.rb": [
        1,
        null,
        1,
        1,
        1,
        null,
        null,
        null,
        1,
        null,
        null,
        null,
        null,
        null,
        null,
        null,
        null,
        null,
        1,
        1,
        1,
        2,
        2,
        null,
        null,
        1,
        null,
        1,
        null,
        null,
        null,
        null,
        null,
        null,
        null,
        null,
        null,
        null,
        null,
        null,
        1,
        1,
        1,
        9,
        null,
        1,
        4,
        9,
        9,
        9,
        null,
        null,
        null,
        1,
        null,
        null,
        null,
        null
      ],
      "/Users/rchampourlier/Dev/_personal/+agile_flow/agilizer/lib/agilizer/update_manager.rb": [
        1,
        null,
        1,
        null,
        null,
        null,
        null,
        null,
        null,
        null,
        null,
        null,
        1,
        null,
        1,
        3,
        3,
        3,
        null,
        1,
        null,
        null,
        null,
        null,
        1,
        3,
        null,
        null,
        null,
        3,
        0,
        null,
        3,
        0,
        null,
        1,
        null,
        1,
        3,
        null,
        1,
        null,
        null
      ],
      "/Users/rchampourlier/Dev/_personal/+agile_flow/agilizer/lib/agilizer/interface/jira/transformations/1_basic_mapping.rb": [
        1,
        null,
        1,
        1,
        1,
        1,
        null,
        null,
        null,
        null,
        1,
        null,
        null,
        null,
        1,
        20,
        20,
        null,
        1,
        null,
        null,
        null,
        null,
        null,
        null,
        1,
        null,
        null,
        null,
        null,
        null,
        null,
        null,
        null,
        null,
        null,
        null,
        null,
        null,
        null,
        null,
        null,
        null,
        null,
        null,
        null,
        null,
        null,
        null,
        null,
        null,
        null,
        null,
        null,
        null,
        null,
        null,
        null,
        null,
        null,
        null,
        null,
        null,
        null,
        null,
        null,
        null,
        null,
        null,
        null,
        null,
        null,
        null,
        null,
        null,
        null,
        null,
        null,
        null,
        null,
        null,
        null,
        null,
        20,
        null,
        1,
        null,
        null,
        null,
        null,
        null
      ],
      "/Users/rchampourlier/Dev/_personal/+agile_flow/agilizer/lib/agilizer/interface/jira/transformations/3_add_final_fix_version.rb": [
        1,
        null,
        1,
        1,
        1,
        1,
        null,
        null,
        null,
        1,
        null,
        1,
        1,
        1,
        1,
        null,
        1,
        null,
        null,
        null,
        null,
        null
      ],
      "/Users/rchampourlier/Dev/_personal/+agile_flow/agilizer/lib/agilizer/interface/jira/transformations/2_add_simple_history.rb": [
        1,
        null,
        1,
        1,
        1,
        1,
        null,
        null,
        null,
        1,
        null,
        null,
        null,
        null,
        null,
        null,
        null,
        null,
        null,
        null,
        null,
        null,
        null,
        null,
        null,
        null,
        null,
        null,
        null,
        1,
        18,
        null,
        18,
        2047,
        null,
        2854,
        2854,
        2047,
        null,
        null,
        18,
        1272,
        null,
        null,
        18,
        null,
        1,
        null,
        null,
        null,
        1,
        2854,
        null,
        83,
        231,
        383,
        575,
        null,
        null,
        1,
        null,
        1,
        83,
        83,
        83,
        83,
        null,
        null,
        null,
        null,
        83,
        null,
        1,
        null,
        1,
        null,
        231,
        null,
        null,
        231,
        null,
        1,
        null,
        1,
        null,
        null,
        null,
        null,
        383,
        null,
        1,
        null,
        1,
        null,
        null,
        null,
        null,
        575,
        null,
        1,
        null,
        null,
        null,
        null,
        null
      ],
      "/Users/rchampourlier/Dev/_personal/+agile_flow/agilizer/lib/agilizer/interface/jira/transformations/2_set_worklog_time.rb": [
        1,
        1,
        1,
        1,
        null,
        null,
        null,
        null,
        1,
        null,
        1,
        19,
        19,
        null,
        18,
        452,
        null,
        null,
        18,
        null,
        1,
        null,
        null,
        null,
        null,
        null,
        null,
        null,
        null,
        null,
        null,
        null,
        null,
        1,
        452,
        452,
        452,
        null,
        452,
        null,
        452,
        452,
        452,
        null,
        1,
        null,
        null,
        null,
        null,
        null
      ],
      "/Users/rchampourlier/Dev/_personal/+agile_flow/agilizer/lib/agilizer/interface/jira/transformations/3_add_sprint_information.rb": [
        1,
        1,
        null,
        1,
        1,
        1,
        1,
        null,
        null,
        null,
        null,
        1,
        null,
        1,
        1,
        1,
        6,
        6,
        6,
        null,
        1,
        null,
        1,
        null,
        null,
        null,
        null,
        null,
        null,
        null,
        null,
        null,
        null,
        null,
        null,
        null,
        null,
        null,
        null,
        null,
        null,
        null,
        null,
        null,
        null,
        null,
        null,
        null,
        null,
        null,
        null,
        null,
        null,
        null,
        null,
        null,
        null,
        1,
        3,
        null,
        null,
        null,
        null,
        null,
        null,
        null,
        null,
        null,
        null,
        null,
        null,
        3,
        3,
        1,
        null,
        null,
        null,
        3,
        3,
        0,
        null,
        null,
        null,
        11,
        null,
        3,
        3,
        3,
        1,
        null,
        1,
        1,
        null,
        null,
        3,
        3,
        2,
        0,
        null,
        null,
        null,
        3,
        3,
        3,
        3,
        null,
        null,
        3,
        3,
        0,
        3,
        null,
        null,
        null,
        null,
        3,
        3,
        3,
        3,
        null,
        null,
        3,
        3,
        3,
        3,
        null,
        null,
        3,
        null,
        3,
        null,
        3,
        3,
        null,
        null,
        3,
        3,
        3,
        3,
        3,
        null,
        null,
        3,
        3,
        null,
        3,
        null,
        null,
        null,
        null,
        null,
        null,
        null,
        null,
        null,
        null,
        null,
        null,
        null,
        null,
        null,
        null,
        null,
        null,
        null,
        null,
        null,
        null,
        null,
        null,
        null,
        null,
        null,
        null,
        null,
        null,
        null,
        3,
        null,
        null,
        null,
        3,
        9,
        9,
        9,
        9,
        null,
        null,
        3,
        null,
        1,
        null,
        null,
        null,
        null,
        null,
        null,
        null,
        null,
        null,
        null,
        null,
        null,
        null,
        null,
        null,
        null,
        null,
        null,
        1,
        4,
        4,
        null,
        4,
        null,
        4,
        1,
        1,
        null,
        null,
        3,
        3,
        171,
        2,
        null,
        1,
        1,
        null,
        168,
        null,
        null,
        null,
        1,
        null,
        null,
        null,
        null,
        null
      ],
      "/Users/rchampourlier/Dev/_personal/+agile_flow/agilizer/lib/agilizer/interface/jira/transformations/support/value_at_time.rb": [
        1,
        1,
        1,
        1,
        1,
        null,
        null,
        null,
        null,
        null,
        null,
        null,
        null,
        null,
        null,
        null,
        null,
        null,
        null,
        null,
        null,
        null,
        null,
        null,
        null,
        null,
        null,
        null,
        1,
        169,
        157,
        157,
        null,
        156,
        156,
        null,
        152,
        1525,
        null,
        152,
        null,
        8,
        8,
        null,
        8,
        null,
        null,
        null,
        1,
        null,
        null,
        null,
        null,
        null
      ],
      "/Users/rchampourlier/Dev/_personal/+agile_flow/agilizer/lib/agilizer/interface/jira/transformations/support/timespent_at_time.rb": [
        1,
        1,
        1,
        1,
        1,
        null,
        null,
        null,
        null,
        1,
        14,
        null,
        10,
        162,
        null,
        10,
        null,
        5,
        99,
        null,
        null,
        1,
        null,
        null,
        null,
        null,
        null
      ],
      "/Users/rchampourlier/Dev/_personal/+agile_flow/agilizer/lib/agilizer/interface/jira/transformations/3_add_sprint_name_to_worklogs.rb": [
        1,
        null,
        1,
        1,
        1,
        1,
        null,
        1,
        null,
        null,
        null,
        1,
        1,
        1,
        null,
        1,
        32,
        32,
        32,
        null,
        null,
        1,
        null,
        1,
        null,
        null,
        null,
        null,
        null
      ],
      "/Users/rchampourlier/Dev/_personal/+agile_flow/agilizer/lib/agilizer/interface/jira/transformations/3_add_status_to_worklogs.rb": [
        1,
        null,
        1,
        1,
        1,
        1,
        null,
        null,
        null,
        null,
        null,
        null,
        null,
        null,
        null,
        1,
        null,
        1,
        3,
        3,
        null,
        3,
        96,
        96,
        96,
        null,
        null,
        3,
        null,
        1,
        null,
        null,
        null,
        null,
        null
      ],
      "/Users/rchampourlier/Dev/_personal/+agile_flow/agilizer/lib/agilizer/interface/jira/transformations/4_add_timespent_per_status.rb": [
        1,
        null,
        1,
        1,
        1,
        1,
        null,
        null,
        null,
        1,
        null,
        1,
        2,
        2,
        2,
        null,
        1,
        null,
        null,
        null,
        null,
        null,
        null,
        null,
        null,
        null,
        null,
        1,
        2,
        1,
        null,
        1,
        null,
        null,
        null,
        null,
        null
      ],
      "/Users/rchampourlier/Dev/_personal/+agile_flow/agilizer/lib/agilizer/interface/jira/transformations/3_add_timespent_to_sprints.rb": [
        1,
        1,
        1,
        1,
        null,
        null,
        null,
        1,
        null,
        null,
        null,
        null,
        1,
        2,
        2,
        2,
        null,
        1,
        6,
        6,
        null,
        1,
        null,
        1,
        null,
        null,
        null,
        null,
        null,
        null,
        null,
        null,
        null,
        1,
        9,
        9,
        9,
        null,
        8,
        256,
        256,
        256,
        256,
        null,
        null,
        1,
        null,
        null,
        null,
        1,
        8,
        68,
        null,
        null,
        1,
        null,
        null,
        null,
        null,
        null
      ],
      "/Users/rchampourlier/Dev/_personal/+agile_flow/agilizer/lib/agilizer/interface/jira.rb": [
        1,
        1,
        null,
        1,
        1,
        null,
        null,
        null,
        null,
        null,
        null,
        null,
        null,
        1,
        null,
        null,
        null,
        null,
        null,
        null,
        null,
        null,
        null,
        null,
        null,
        null,
        null,
        null,
        1,
        1,
        null,
        1,
        null,
        null,
        null,
        null,
        null,
        null,
        null,
        null,
        null,
        1,
        0,
        null,
        1,
        null,
        null,
        null,
        1,
        1,
        null,
        1,
        null,
        1,
        1,
        null,
        1,
        null,
        null,
        null
      ],
      "/Users/rchampourlier/Dev/_personal/+agile_flow/agilizer/lib/agilizer.rb": [
        null,
        null,
        null,
        null,
        null,
        null,
        1,
        1,
        null
      ]
    },
    "timestamp": 1436881343
  }
}
